SF:lib\src\app.dart
DA:12,2
DA:14,1
DA:16,2
DA:18,1
DA:28,1
DA:30,3
LF:6
LH:6
end_of_record
SF:lib\src\core\common_widgets\primary_button.dart
DA:12,1
DA:23,1
DA:25,1
DA:26,1
DA:27,3
LF:5
LH:5
end_of_record
SF:lib\src\localization\localization_extension.dart
DA:5,2
LF:1
LH:1
end_of_record
SF:lib\src\routers\app_router.dart
DA:8,3
DA:11,1
DA:12,1
DA:14,1
DA:15,1
DA:17,1
DA:19,1
DA:20,0
DA:23,0
LF:9
LH:7
end_of_record
SF:lib\src\themes\light_theme.g.dart
DA:9,1
DA:13,3
LF:2
LH:2
end_of_record
SF:lib\src\themes\light_theme.dart
DA:11,1
DA:13,2
DA:15,1
DA:31,1
DA:32,1
DA:33,1
DA:34,1
DA:35,1
DA:36,1
LF:9
LH:9
end_of_record
SF:lib\src\core\common_widgets\custom_progress_indicator.dart
DA:4,2
DA:6,0
LF:2
LH:1
end_of_record
SF:lib\src\core\common_widgets\empty_placeholder_widget.dart
DA:11,0
DA:14,0
DA:16,0
DA:18,0
DA:19,0
DA:22,0
DA:23,0
DA:24,0
DA:25,0
DA:29,0
DA:30,0
DA:31,0
LF:12
LH:0
end_of_record
SF:lib\src\localization\string_hardcoded.dart
DA:4,1
LF:1
LH:1
end_of_record
SF:lib\src\core\utils\theme_extension.dart
DA:4,2
DA:5,0
DA:6,3
LF:3
LH:2
end_of_record
SF:lib\src\core\common_widgets\responsive_center.dart
DA:10,1
DA:20,1
DA:23,1
DA:27,1
DA:28,1
DA:29,3
DA:37,0
DA:46,0
DA:48,0
DA:49,0
DA:50,0
DA:51,0
DA:52,0
LF:13
LH:6
end_of_record
SF:lib\src\core\common_widgets\responsive_scrollable.dart
DA:9,2
DA:18,1
DA:20,1
DA:21,1
DA:23,1
DA:25,2
DA:26,1
DA:27,1
DA:29,1
DA:32,0
LF:10
LH:9
end_of_record
SF:lib\src\core\constants\app_logo.dart
DA:5,2
DA:8,1
DA:11,1
DA:12,1
DA:13,1
DA:14,1
LF:6
LH:6
end_of_record
SF:lib\src\core\utils\font_family_provider.g.dart
DA:9,1
DA:13,3
LF:2
LH:2
end_of_record
SF:lib\src\core\utils\font_family_provider.dart
DA:8,1
DA:10,1
LF:2
LH:2
end_of_record
SF:lib\src\features\get_started\get_started_content.dart
DA:10,2
DA:14,1
DA:16,1
DA:19,1
DA:21,2
DA:23,1
DA:24,1
DA:25,1
DA:26,2
DA:27,2
DA:28,1
DA:31,2
DA:34,1
DA:35,2
DA:36,2
DA:37,1
DA:40,1
DA:43,1
DA:45,1
DA:46,2
DA:47,2
DA:51,2
DA:54,1
DA:55,2
DA:56,0
DA:58,2
LF:26
LH:25
end_of_record
SF:lib\src\features\get_started\get_started_screen.dart
DA:9,2
DA:11,1
DA:13,2
DA:14,2
DA:17,2
DA:28,1
DA:29,1
DA:30,1
LF:8
LH:8
end_of_record
SF:lib\src\features\home_screen.dart
DA:4,2
DA:6,0
LF:2
LH:1
end_of_record
SF:lib\src\routers\not_found_screen.dart
DA:7,2
DA:9,0
DA:11,0
DA:12,0
DA:13,0
LF:5
LH:1
end_of_record
SF:lib\src\themes\theme_helpers.dart
DA:5,1
DA:6,1
DA:7,2
DA:11,1
LF:4
LH:4
end_of_record
